2023-02-27 11:33:02 INFO  Main:36 - saved data reading
2023-02-27 11:33:02 INFO  Main:41 - application start
2023-02-27 11:33:03 INFO  Controller:74 - Main controller initializing
2023-02-27 11:33:06 INFO  NewEditController:91 - new/edit window initializing
2023-02-27 11:33:29 INFO  NewEditController:91 - new/edit window initializing
2023-02-27 11:34:25 INFO  TaskInfoController:25 - task info window initializing
2023-02-27 11:34:25 ERROR Controller:127 - error loading task-info.fxml
2023-02-27 11:34:27 INFO  TaskInfoController:25 - task info window initializing
2023-03-08 09:00:30 INFO  Main:36 - saved data reading
2023-03-08 09:00:30 INFO  Main:41 - application start
2023-03-08 09:00:30 INFO  Controller:74 - Main controller initializing
2023-03-08 09:00:40 INFO  NewEditController:90 - new/edit window initializing
2023-03-08 09:01:02 INFO  NewEditController:90 - new/edit window initializing
2023-03-08 09:01:17 INFO  TaskInfoController:25 - task info window initializing
2023-03-08 09:01:26 INFO  NewEditController:90 - new/edit window initializing
2023-03-08 09:01:33 INFO  NewEditController:90 - new/edit window initializing
2023-03-08 09:01:36 INFO  NewEditController:90 - new/edit window initializing
2023-03-08 09:01:49 INFO  NewEditController:90 - new/edit window initializing
2023-03-08 09:01:52 INFO  NewEditController:90 - new/edit window initializing
2023-03-08 09:02:00 INFO  NewEditController:90 - new/edit window initializing
2023-03-08 09:02:04 INFO  NewEditController:90 - new/edit window initializing
2023-03-08 09:03:12 INFO  TaskInfoController:25 - task info window initializing
2023-03-08 09:03:12 ERROR Controller:127 - error loading task-info.fxml
2023-03-08 09:03:15 INFO  NewEditController:90 - new/edit window initializing
2023-03-08 09:03:28 INFO  Main:36 - saved data reading
2023-03-08 09:03:28 INFO  Main:41 - application start
2023-03-08 09:03:29 INFO  Controller:74 - Main controller initializing
<<<<<<< HEAD
2023-03-08 09:27:08 INFO  Main:36 - saved data reading
2023-03-08 09:27:08 INFO  Main:41 - application start
2023-03-08 09:27:08 INFO  Controller:74 - Main controller initializing
2023-03-08 09:37:22 INFO  Main:36 - saved data reading
2023-03-08 09:37:22 INFO  Main:41 - application start
2023-03-08 09:37:22 INFO  Controller:74 - Main controller initializing
2023-03-08 09:40:33 INFO  TaskInfoController:25 - task info window initializing
2023-03-08 09:40:33 ERROR Controller:127 - error loading task-info.fxml
=======
2023-03-08 09:12:11 INFO  Main:36 - saved data reading
2023-03-08 09:12:11 INFO  Main:41 - application start
2023-03-08 09:12:12 INFO  Controller:74 - Main controller initializing
>>>>>>> 17a30b1bf010c4b8b59fdae2120a2d08e849e859
2023-03-10 13:12:35 INFO  Main:36 - saved data reading
2023-03-10 13:12:35 INFO  Main:41 - application start
2023-03-10 13:12:35 INFO  Controller:74 - Main controller initializing
2023-03-10 13:12:41 INFO  TaskInfoController:25 - task info window initializing
2023-03-10 13:12:41 ERROR Controller:127 - error loading task-info.fxml
2023-03-10 13:14:43 INFO  Main:36 - saved data reading
2023-03-10 13:14:43 INFO  Main:41 - application start
2023-03-10 13:14:44 INFO  Controller:74 - Main controller initializing
2023-03-10 13:14:49 INFO  NewEditController:90 - new/edit window initializing
2023-03-10 13:15:46 INFO  NewEditController:90 - new/edit window initializing
2023-03-10 13:17:04 INFO  NewEditController:90 - new/edit window initializing
2023-03-10 13:20:11 INFO  NewEditController:90 - new/edit window initializing
2023-03-21 17:35:30 INFO  Main:36 - saved data reading
2023-03-21 17:35:30 INFO  Main:41 - application start
2023-03-21 17:35:30 INFO  Controller:74 - Main controller initializing
2023-03-21 17:35:33 INFO  NewEditController:90 - new/edit window initializing
2023-03-21 17:35:37 INFO  NewEditController:90 - new/edit window initializing
2023-03-21 17:48:10 INFO  Main:36 - saved data reading
2023-03-21 17:48:10 INFO  Main:41 - application start
2023-03-21 17:48:10 INFO  Controller:74 - Main controller initializing
2023-03-21 17:48:15 INFO  NewEditController:90 - new/edit window initializing
2023-03-21 17:48:23 INFO  Main:36 - saved data reading
2023-03-21 17:48:23 INFO  Main:41 - application start
2023-03-21 17:48:23 INFO  Controller:74 - Main controller initializing
2023-03-21 17:48:28 INFO  NewEditController:90 - new/edit window initializing
2023-03-21 17:48:43 INFO  NewEditController:90 - new/edit window initializing
2023-03-21 17:48:47 INFO  NewEditController:90 - new/edit window initializing
2023-03-21 18:10:08 INFO  Main:36 - saved data reading
2023-03-21 18:10:08 INFO  Main:41 - application start
2023-03-21 18:10:09 INFO  Controller:74 - Main controller initializing
2023-03-21 18:10:14 INFO  Main:36 - saved data reading
2023-03-21 18:10:14 INFO  Main:41 - application start
2023-03-21 18:10:14 INFO  Controller:74 - Main controller initializing
2023-03-21 18:10:32 INFO  Main:36 - saved data reading
2023-03-21 18:10:32 INFO  Main:41 - application start
2023-03-21 18:10:32 INFO  Controller:74 - Main controller initializing
2023-03-21 18:11:12 INFO  Main:36 - saved data reading
2023-03-21 18:11:12 INFO  Main:41 - application start
2023-03-21 18:11:12 INFO  Controller:74 - Main controller initializing
2023-03-21 18:11:57 INFO  Main:36 - saved data reading
2023-03-21 18:11:57 INFO  Main:41 - application start
2023-03-21 18:11:57 INFO  Controller:74 - Main controller initializing
2023-03-21 18:11:59 INFO  NewEditController:90 - new/edit window initializing
2023-03-21 18:14:02 INFO  Main:36 - saved data reading
2023-03-21 18:14:02 INFO  Main:41 - application start
2023-03-21 18:14:02 INFO  Controller:74 - Main controller initializing
2023-03-21 18:14:51 INFO  Main:36 - saved data reading
2023-03-21 18:14:51 INFO  Main:41 - application start
2023-03-21 18:14:51 INFO  Controller:74 - Main controller initializing
2023-03-21 18:14:52 INFO  NewEditController:90 - new/edit window initializing
2023-03-21 18:14:54 INFO  NewEditController:90 - new/edit window initializing
2023-03-21 18:17:32 INFO  Main:36 - saved data reading
2023-03-21 18:17:32 INFO  Main:41 - application start
2023-03-21 18:17:32 INFO  Controller:74 - Main controller initializing
2023-03-21 18:17:33 INFO  NewEditController:87 - new/edit window initializing
2023-03-21 18:19:32 INFO  Main:36 - saved data reading
2023-03-21 18:19:32 INFO  Main:41 - application start
2023-03-21 18:19:32 INFO  Controller:74 - Main controller initializing
2023-03-21 18:19:33 INFO  NewEditController:87 - new/edit window initializing
2023-03-21 18:19:57 INFO  Main:36 - saved data reading
2023-03-21 18:19:57 INFO  Main:41 - application start
2023-03-21 18:19:57 INFO  Controller:74 - Main controller initializing
2023-03-21 18:19:59 INFO  NewEditController:87 - new/edit window initializing
2023-03-21 18:20:03 INFO  NewEditController:87 - new/edit window initializing
2023-03-21 18:20:54 INFO  Main:36 - saved data reading
2023-03-21 18:20:54 INFO  Main:41 - application start
2023-03-21 18:20:54 INFO  Controller:74 - Main controller initializing
2023-03-21 18:21:12 INFO  NewEditController:87 - new/edit window initializing
2023-03-21 18:22:42 INFO  Main:36 - saved data reading
2023-03-21 18:22:42 INFO  Main:41 - application start
2023-03-21 18:22:42 INFO  Controller:74 - Main controller initializing
2023-03-21 18:22:44 INFO  NewEditController:87 - new/edit window initializing
2023-03-21 18:23:49 INFO  Main:36 - saved data reading
2023-03-21 18:23:49 INFO  Main:41 - application start
2023-03-21 18:23:49 INFO  Controller:74 - Main controller initializing
2023-03-21 18:23:51 INFO  NewEditController:87 - new/edit window initializing
2023-03-21 18:24:41 INFO  Main:36 - saved data reading
2023-03-21 18:24:41 INFO  Main:41 - application start
2023-03-21 18:24:41 INFO  Controller:74 - Main controller initializing
2023-03-21 18:24:42 INFO  NewEditController:87 - new/edit window initializing
2023-03-21 18:24:46 INFO  NewEditController:87 - new/edit window initializing
2023-03-21 18:26:10 INFO  Main:36 - saved data reading
2023-03-21 18:26:10 INFO  Main:41 - application start
2023-03-21 18:26:10 INFO  Controller:74 - Main controller initializing
2023-03-21 18:26:15 INFO  NewEditController:87 - new/edit window initializing
2023-03-21 18:27:20 INFO  Main:36 - saved data reading
2023-03-21 18:27:20 INFO  Main:41 - application start
2023-03-21 18:27:20 INFO  Controller:74 - Main controller initializing
2023-03-21 18:27:22 INFO  NewEditController:97 - new/edit window initializing
2023-03-21 18:34:00 INFO  Main:36 - saved data reading
2023-03-21 18:34:00 INFO  Main:41 - application start
2023-03-21 18:34:00 INFO  Controller:74 - Main controller initializing
2023-03-21 18:34:03 INFO  NewEditController:90 - new/edit window initializing
2023-03-21 18:36:33 INFO  Main:36 - saved data reading
2023-03-21 18:36:33 INFO  Main:41 - application start
2023-03-21 18:36:34 INFO  Controller:74 - Main controller initializing
2023-03-21 18:36:36 INFO  NewEditController:90 - new/edit window initializing
2023-03-21 18:36:40 INFO  NewEditController:90 - new/edit window initializing
2023-03-21 18:36:42 INFO  NewEditController:90 - new/edit window initializing
2023-03-21 19:08:48 INFO  Main:36 - saved data reading
2023-03-21 19:08:48 INFO  Main:41 - application start
2023-03-21 19:08:48 INFO  Controller:74 - Main controller initializing
2023-03-21 19:09:11 INFO  Main:36 - saved data reading
2023-03-21 19:09:11 INFO  Main:41 - application start
2023-03-21 19:09:11 INFO  Controller:74 - Main controller initializing
2023-03-21 19:11:47 INFO  Main:36 - saved data reading
2023-03-21 19:11:47 INFO  Main:41 - application start
2023-03-21 19:11:47 INFO  Controller:74 - Main controller initializing
2023-05-09 16:43:32 INFO  Main:36 - saved data reading
2023-05-09 16:43:32 INFO  Main:41 - application start
2023-05-09 16:43:32 INFO  Controller:74 - Main controller initializing
